#
# A fatal error has been detected by the Java Runtime Environment:
#
#  EXCEPTION_ACCESS_VIOLATION (0xc0000005) at pc=0x00007ffb382e1b85, pid=17688, tid=17196
#
# JRE version:  (23.0.1+11) (build )
# Java VM: Java HotSpot(TM) 64-Bit Server VM (23.0.1+11-39, mixed mode, sharing, tiered, compressed class ptrs, unknown gc, windows-amd64)
# Problematic frame:
# C  [jimage.dll+0x1b85]
#
# No core dump will be written. Minidumps are not enabled by default on client versions of Windows
#
#

---------------  S U M M A R Y ------------

Command Line: 

Host: Intel(R) Core(TM) i3-1005G1 CPU @ 1.20GHz, 4 cores, 19G,  Windows 11 , 64 bit Build 22621 (10.0.22621.3958)
Time: Tue Nov  5 19:22:17 2024 Hora est. Pacífico, Sudamérica elapsed time: 14.124732 seconds (0d 0h 0m 14s)

---------------  T H R E A D  ---------------

Current thread is native thread

Stack: [0x0000006917e00000,0x0000006917f00000],  sp=0x0000006917efdfb0,  free space=1015k
Native frames: (J=compiled Java code, j=interpreted, Vv=VM code, C=native code)
C  [jimage.dll+0x1b85]  (no source info available)
C  [jimage.dll+0x1d13]  (no source info available)
C  [jimage.dll+0x25dd]  (no source info available)
V  [jvm.dll+0x219f52]  (no source info available)
V  [jvm.dll+0xbfa50]  (no source info available)
V  [jvm.dll+0x82cf7c]  (no source info available)
V  [jvm.dll+0x454d4e]  (no source info available)
V  [jvm.dll+0x456bd1]  (no source info available)
C  [jli.dll+0x52a3]  (no source info available)
C  [ucrtbase.dll+0x29333]  (no source info available)
C  [KERNEL32.DLL+0x1257d]  (no source info available)
C  [ntdll.dll+0x5af08]  (no source info available)


siginfo: EXCEPTION_ACCESS_VIOLATION (0xc0000005), reading address 0x00000000000155cc


Registers:
RAX=0x000000000000556c, RBX=0x0000006917efe0a1, RCX=0x00007ffb382e6000, RDX=0x000000000000556c
RSP=0x0000006917efdfb0, RBP=0x0000006917efe0a0, RSI=0x00000000000076f0, RDI=0x0000006917efe0a0
R8 =0x00007ffb382e4298, R9 =0x000000000000001c, R10=0x00007ffb23920000, R11=0x00007ffb382e6000
R12=0x0000000000000000, R13=0x0000006917effb10, R14=0x0000006917eff110, R15=0x00007ffadcb9c8a8
RIP=0x00007ffb382e1b85, EFLAGS=0x0000000000010246


Top of Stack: (sp=0x0000006917efdfb0)
0x0000006917efdfb0:   0000000000000000 0000000000000000
0x0000006917efdfc0:   0000000000000000 0000000000000000
0x0000006917efdfd0:   0000022c8e62e140 00007ffb382e1d13
0x0000006917efdfe0:   000000000000000b 0000022c8e62e140
0x0000006917efdff0:   0000000000000000 0000000000000000
0x0000006917efe000:   0000000000000000 0000000000000000
0x0000006917efe010:   0000000000000000 0000000000000000
0x0000006917efe020:   0000000000000000 0000000000000000
0x0000006917efe030:   0000000000000000 0000000000000000
0x0000006917efe040:   00000273a91ece23 0000000000000000
0x0000006917efe050:   00007ffadcb7a700 0000000000000017
0x0000006917efe060:   0000022c8e62e140 0000006917eff110
0x0000006917efe070:   000000000000000b 00007ffb382e25dd
0x0000006917efe080:   0000000000000000 0000000000000000
0x0000006917efe090:   0000000000000000 0000000000000000
0x0000006917efe0a0:   61622e6176616a2f 692f6b646a2f6573
0x0000006917efe0b0:   2f6c616e7265746e 6f6974706f2f6d76
0x0000006917efe0c0:   000000000000736e 0000000000000000
0x0000006917efe0d0:   0000000000000000 0000000000000000
0x0000006917efe0e0:   0000000000000000 0000000000000000
0x0000006917efe0f0:   0000000000000000 0000000000000000
0x0000006917efe100:   0000000000000000 0000000000000000
0x0000006917efe110:   0000000000000000 0000000000000000
0x0000006917efe120:   0000000000000000 0000000000000000
0x0000006917efe130:   0000000000000000 0000000000000000
0x0000006917efe140:   0000000000000000 0000000000000000
0x0000006917efe150:   0000000000000000 0000000000000000
0x0000006917efe160:   0000000000000000 0000000000000000
0x0000006917efe170:   0000000000000000 000000003a000238
0x0000006917efe180:   0000022c8e707c50 00007ffb62baf936
0x0000006917efe190:   0000022c8e610000 0000006917efe489
0x0000006917efe1a0:   0000022c8e7078e0 0000022c8e7078f0 

Instructions: (pc=0x00007ffb382e1b85)
0x00007ffb382e1a85:   48 85 c9 74 1d 80 3d 7f 45 00 00 00 74 06 48 8b
0x00007ffb382e1a95:   53 18 eb 04 48 8b 53 40 e8 9a 0e 00 00 48 83 63
0x00007ffb382e1aa5:   48 00 8b 4b 0c 83 f9 ff 74 09 e8 d0 0c 00 00 83
0x00007ffb382e1ab5:   4b 0c ff 48 8b 4b 70 48 85 c9 74 0f ba 10 00 00
0x00007ffb382e1ac5:   00 e8 f1 0e 00 00 48 83 63 70 00 48 83 c4 20 5b
0x00007ffb382e1ad5:   c3 cc cc 40 53 48 83 ec 20 48 8b d9 48 8d 0d 38
0x00007ffb382e1ae5:   47 00 00 e8 9f 0c 00 00 83 6b 08 01 75 24 48 8b
0x00007ffb382e1af5:   d3 48 8d 0d 1b 45 00 00 e8 22 08 00 00 48 8b cb
0x00007ffb382e1b05:   e8 d6 fe ff ff ba 78 00 00 00 48 8b cb e8 a5 0e
0x00007ffb382e1b15:   00 00 48 8d 0d 02 47 00 00 48 83 c4 20 5b e9 6c
0x00007ffb382e1b25:   0c 00 00 48 89 5c 24 08 48 89 74 24 10 57 48 83
0x00007ffb382e1b35:   ec 20 41 8b f1 4d 8b c8 48 8b fa 4c 8b d9 4d 85
0x00007ffb382e1b45:   c0 74 78 85 f6 74 74 44 8a 12 48 8d 5a 01 48 8b
0x00007ffb382e1b55:   d3 b8 93 01 00 01 eb 12 69 c0 93 01 00 01 41 0f
0x00007ffb382e1b65:   b6 ca 44 8a 12 33 c1 48 ff c2 45 84 d2 75 e9 4d
0x00007ffb382e1b75:   8b 03 0f ba f0 1f 33 d2 49 8b cb f7 f6 48 63 c2
0x00007ffb382e1b85:   41 8b 14 81 41 ff 50 08 85 c0 7e 24 8a 0f eb 10
0x00007ffb382e1b95:   69 c0 93 01 00 01 0f b6 c9 33 c1 8a 0b 48 ff c3
0x00007ffb382e1ba5:   84 c9 75 ec 0f ba f0 1f 33 d2 f7 f6 8b c2 eb 0e
0x00007ffb382e1bb5:   79 09 83 c9 ff 2b c8 8b c1 eb 03 83 c8 ff 48 8b
0x00007ffb382e1bc5:   5c 24 30 48 8b 74 24 38 48 83 c4 20 5f c3 cc 48
0x00007ffb382e1bd5:   89 5c 24 08 48 89 74 24 10 57 48 83 ec 20 48 8b
0x00007ffb382e1be5:   f1 48 8d 0d 33 46 00 00 e8 9a 0b 00 00 33 ff 39
0x00007ffb382e1bf5:   3d 1e 44 00 00 76 24 48 8b 05 1d 44 00 00 48 8b
0x00007ffb382e1c05:   d6 48 8b 1c f8 48 8b 0b e8 68 1e 00 00 85 c0 74
0x00007ffb382e1c15:   2b ff c7 3b 3d fa 43 00 00 72 dc 33 db 48 8d 0d
0x00007ffb382e1c25:   f7 45 00 00 e8 66 0b 00 00 48 8b 74 24 38 48 8b
0x00007ffb382e1c35:   c3 48 8b 5c 24 30 48 83 c4 20 5f c3 ff 43 08 eb
0x00007ffb382e1c45:   dc cc cc 48 89 5c 24 08 48 89 74 24 10 57 48 83
0x00007ffb382e1c55:   ec 20 48 8b d9 48 8b f2 48 8b 49 10 49 8b f8 8b
0x00007ffb382e1c65:   53 30 48 8b 01 ff 50 20 4c 8b 43 50 48 8b d6 48
0x00007ffb382e1c75:   8b 4b 10 44 8b c8 e8 a8 fe ff ff 83 f8 ff 74 38 



---------------  P R O C E S S  ---------------

VM state: not at safepoint (not fully initialized)

VM Mutex/Monitor currently owned by a thread: None

CDS archive(s) mapped at: [0x0000000000000000-0x0000000000000000-0x0000000000000000), size 0, SharedBaseAddress: 0x0000000800000000, ArchiveRelocationMode: 1.
Narrow klass base: 0x0000000000000000, Narrow klass shift: 0, Narrow klass range: 0x0

GC Precious Log:
<Not initialized>


Dynamic libraries:
0x00007ff7660b0000 - 0x00007ff7660c0000 	C:\Program Files\Java\jdk-23\bin\java.exe
0x00007ffb62b70000 - 0x00007ffb62d87000 	C:\Windows\SYSTEM32\ntdll.dll
0x00007ffb610a0000 - 0x00007ffb61164000 	C:\Windows\System32\KERNEL32.DLL
0x00007ffb60040000 - 0x00007ffb603f7000 	C:\Windows\System32\KERNELBASE.dll
0x00007ffb60610000 - 0x00007ffb60721000 	C:\Windows\System32\ucrtbase.dll
0x00007ffb23450000 - 0x00007ffb23467000 	C:\Program Files\Java\jdk-23\bin\jli.dll
0x00007ffb23920000 - 0x00007ffb2393b000 	C:\Program Files\Java\jdk-23\bin\VCRUNTIME140.dll
0x00007ffb60dd0000 - 0x00007ffb60f7f000 	C:\Windows\System32\USER32.dll
0x00007ffb5ff20000 - 0x00007ffb5ff46000 	C:\Windows\System32\win32u.dll
0x00007ffb45110000 - 0x00007ffb453a3000 	C:\Windows\WinSxS\amd64_microsoft.windows.common-controls_6595b64144ccf1df_6.0.22621.3672_none_2713b9d173822955\COMCTL32.dll
0x00007ffb60a20000 - 0x00007ffb60a49000 	C:\Windows\System32\GDI32.dll
0x00007ffb60a50000 - 0x00007ffb60af7000 	C:\Windows\System32\msvcrt.dll
0x00007ffb60400000 - 0x00007ffb60518000 	C:\Windows\System32\gdi32full.dll
0x00007ffb5fe80000 - 0x00007ffb5ff1a000 	C:\Windows\System32\msvcp_win.dll
0x00007ffb60fe0000 - 0x00007ffb61011000 	C:\Windows\System32\IMM32.DLL
0x00007ffb3a1a0000 - 0x00007ffb3a1ac000 	C:\Program Files\Java\jdk-23\bin\vcruntime140_1.dll
0x00007ffb20a60000 - 0x00007ffb20aee000 	C:\Program Files\Java\jdk-23\bin\msvcp140.dll
0x00007ffadc1c0000 - 0x00007ffadcf0f000 	C:\Program Files\Java\jdk-23\bin\server\jvm.dll
0x00007ffb61730000 - 0x00007ffb617e2000 	C:\Windows\System32\ADVAPI32.dll
0x00007ffb60bc0000 - 0x00007ffb60c68000 	C:\Windows\System32\sechost.dll
0x00007ffb5ff50000 - 0x00007ffb5ff78000 	C:\Windows\System32\bcrypt.dll
0x00007ffb608a0000 - 0x00007ffb609b4000 	C:\Windows\System32\RPCRT4.dll
0x00007ffb61020000 - 0x00007ffb61091000 	C:\Windows\System32\WS2_32.dll
0x00007ffb5fd50000 - 0x00007ffb5fd9d000 	C:\Windows\SYSTEM32\POWRPROF.dll
0x00007ffb583c0000 - 0x00007ffb583f4000 	C:\Windows\SYSTEM32\WINMM.dll
0x00007ffb58040000 - 0x00007ffb5804a000 	C:\Windows\SYSTEM32\VERSION.dll
0x00007ffb5fd30000 - 0x00007ffb5fd43000 	C:\Windows\SYSTEM32\UMPDC.dll
0x00007ffb5ee90000 - 0x00007ffb5eea8000 	C:\Windows\SYSTEM32\kernel.appcore.dll
0x00007ffb382e0000 - 0x00007ffb382ea000 	C:\Program Files\Java\jdk-23\bin\jimage.dll
0x00007ffb5d770000 - 0x00007ffb5d9a2000 	C:\Windows\SYSTEM32\DBGHELP.DLL
0x00007ffb613a0000 - 0x00007ffb6172e000 	C:\Windows\System32\combase.dll
0x00007ffb620a0000 - 0x00007ffb62177000 	C:\Windows\System32\OLEAUT32.dll
0x00007ffb55950000 - 0x00007ffb55982000 	C:\Windows\SYSTEM32\dbgcore.DLL
0x00007ffb60520000 - 0x00007ffb6059b000 	C:\Windows\System32\bcryptPrimitives.dll

dbghelp: loaded successfully - version: 4.0.5 - missing functions: none
symbol engine: initialized successfully - sym options: 0x614 - pdb path: .;C:\Program Files\Java\jdk-23\bin;C:\Windows\SYSTEM32;C:\Windows\WinSxS\amd64_microsoft.windows.common-controls_6595b64144ccf1df_6.0.22621.3672_none_2713b9d173822955;C:\Program Files\Java\jdk-23\bin\server

VM Arguments:
java_command: <unknown>
java_class_path (initial): <not set>
Launcher Type: SUN_STANDARD

[Global flags]
     bool UseLargePagesIndividualAllocation        = false                                  {pd product} {ergonomic}

Logging:
Log output configuration:
 #0: stdout all=warning uptime,level,tags foldmultilines=false
 #1: stderr all=off uptime,level,tags foldmultilines=false

Environment Variables:
PATH=C:\Program Files\Common Files\Oracle\Java\javapath;C:\Program Files (x86)\Common Files\Oracle\Java\javapath;C:\Windows\system32;C:\Windows;C:\Windows\System32\Wbem;C:\Windows\System32\WindowsPowerShell\v1.0\;C:\Windows\System32\OpenSSH\;C:\ProgramData\chocolatey\bin;C:\Program Files\Git\cmd;C:\Program Files\Java\apache-maven-3.9.4\bin;C:\xampp\php;C:\Program Files\nodejs\;D:\Proyectos 21 - 25\flutter\bin;C:\Program Files\Java\jre-1.8\bin;C:\Users\manue\AppData\Local\Pub\Cache\bin;C:\Program Files\IBM\SPSS\Statistics\25\JRE\bin;C:\composer;C:\laragon\bin\php\php-8.3.7-Win32-vs16-x64;C:\Program Files\PuTTY\;C:\laragon\bin;C:\laragon\bin\apache\httpd-2.4.54-win64-VS16\bin;C:\laragon\bin\composer;C:\laragon\bin\git\bin;C:\laragon\bin\git\cmd;C:\laragon\bin\git\mingw64\bin;C:\laragon\bin\git\usr\bin;C:\laragon\bin\laragon\utils;C:\laragon\bin\mysql\mysql-8.0.30-winx64\bin;C:\laragon\bin\nginx\nginx-1.22.0;C:\laragon\bin\ngrok;C:\laragon\bin\nodejs\node-v18;C:\laragon\bin\notepad++;C:\laragon\bin\php\php-8.1.10-Win32-vs16-x64;C:\laragon\bin\python\python-3.10;C:\laragon\bin\python\python-3.10\Scripts;C:\laragon\bin\redis\redis-x64-5.0.14.1;C:\laragon\bin\telnet;C:\laragon\usr\bin;C:\Users\manue\AppData\Local\Yarn\config\global\node_modules\.bin;C:\Users\manue\AppData\Roaming\Composer\vendor\bin;C:\Users\manue\AppData\Roaming\npm;C:\Program Files\MySQL\MySQL Shell 8.0\bin\;C:\Users\manue\AppData\Local\Microsoft\WindowsApps;C:\Users\manue\AppData\Local\Programs\Microsoft VS Code\bin;
USERNAME=manue
OS=Windows_NT
PROCESSOR_IDENTIFIER=Intel64 Family 6 Model 126 Stepping 5, GenuineIntel
TMP=C:\Users\manue\AppData\Local\Temp
TEMP=C:\Users\manue\AppData\Local\Temp




Periodic native trim disabled

---------------  S Y S T E M  ---------------

OS:
 Windows 11 , 64 bit Build 22621 (10.0.22621.3958)
OS uptime: 27 days 11:34 hours

CPU: total 4 (initial active 0) 
Processor Information for the first 4 processors :
  Max Mhz: 1190, Current Mhz: 1190, Mhz Limit: 1190

Memory: 4k page, system-wide physical 20275M (8400M free)
TotalPageFile size 32503M (AvailPageFile size 19290M)
current process WorkingSet (physical memory assigned to process): 9M, peak: 9M
current process commit charge ("private bytes"): 3M, peak: 3M

vm_info: Java HotSpot(TM) 64-Bit Server VM (23.0.1+11-39) for windows-amd64 JRE (23.0.1+11-39), built on 2024-09-30T07:20:43Z with MS VC++ 17.6 (VS2022)

END.
